[21-Jan-2019 14:09:29 UTC] PHP Fatal error:  Uncaught Error: Call to undefined function get_field() in /app/public/wp-content/themes/fictional-university-theme/functions.php:29
Stack trace:
#0 /app/public/wp-content/themes/fictional-university-theme/index.php(5): pageBanner(Array)
#1 /app/public/wp-includes/template-loader.php(74): include('/app/public/wp-...')
#2 /app/public/wp-blog-header.php(19): require_once('/app/public/wp-...')
#3 /app/public/index.php(17): require('/app/public/wp-...')
#4 {main}
  thrown in /app/public/wp-content/themes/fictional-university-theme/functions.php on line 29
[21-Jan-2019 14:12:45 UTC] PHP Fatal error:  Uncaught Error: Call to undefined function get_field() in /app/public/wp-content/themes/fictional-university-theme/functions.php:29
Stack trace:
#0 /app/public/wp-content/themes/fictional-university-theme/index.php(5): pageBanner(Array)
#1 /app/public/wp-includes/template-loader.php(74): include('/app/public/wp-...')
#2 /app/public/wp-blog-header.php(19): require_once('/app/public/wp-...')
#3 /app/public/index.php(17): require('/app/public/wp-...')
#4 {main}
  thrown in /app/public/wp-content/themes/fictional-university-theme/functions.php on line 29
[21-Jan-2019 14:15:11 UTC] PHP Fatal error:  Uncaught Error: Call to undefined function get_field() in /app/public/wp-content/themes/fictional-university-theme/functions.php:29
Stack trace:
#0 /app/public/wp-content/themes/fictional-university-theme/index.php(5): pageBanner(Array)
#1 /app/public/wp-includes/template-loader.php(74): include('/app/public/wp-...')
#2 /app/public/wp-blog-header.php(19): require_once('/app/public/wp-...')
#3 /app/public/index.php(17): require('/app/public/wp-...')
#4 {main}
  thrown in /app/public/wp-content/themes/fictional-university-theme/functions.php on line 29
[21-Jan-2019 14:22:07 UTC] PHP Fatal error:  Uncaught Error: Call to undefined function get_field() in /app/public/wp-content/themes/fictional-university-theme/functions.php:29
Stack trace:
#0 /app/public/wp-content/themes/fictional-university-theme/index.php(5): pageBanner(Array)
#1 /app/public/wp-includes/template-loader.php(74): include('/app/public/wp-...')
#2 /app/public/wp-blog-header.php(19): require_once('/app/public/wp-...')
#3 /app/public/index.php(17): require('/app/public/wp-...')
#4 {main}
  thrown in /app/public/wp-content/themes/fictional-university-theme/functions.php on line 29
[21-Jan-2019 15:02:40 UTC] PHP Fatal error:  Uncaught Error: Call to undefined function get_field() in /app/public/wp-content/themes/fictional-university-theme/functions.php:29
Stack trace:
#0 /app/public/wp-content/themes/fictional-university-theme/index.php(5): pageBanner(Array)
#1 /app/public/wp-includes/template-loader.php(74): include('/app/public/wp-...')
#2 /app/public/wp-blog-header.php(19): require_once('/app/public/wp-...')
#3 /app/public/index.php(17): require('/app/public/wp-...')
#4 {main}
  thrown in /app/public/wp-content/themes/fictional-university-theme/functions.php on line 29
[21-Jan-2019 15:04:07 UTC] PHP Fatal error:  Uncaught Error: Call to undefined function get_field() in /app/public/wp-content/themes/fictional-university-theme/functions.php:29
Stack trace:
#0 /app/public/wp-content/themes/fictional-university-theme/index.php(5): pageBanner(Array)
#1 /app/public/wp-includes/template-loader.php(74): include('/app/public/wp-...')
#2 /app/public/wp-blog-header.php(19): require_once('/app/public/wp-...')
#3 /app/public/index.php(17): require('/app/public/wp-...')
#4 {main}
  thrown in /app/public/wp-content/themes/fictional-university-theme/functions.php on line 29
[21-Jan-2019 15:45:37 UTC] PHP Fatal error:  Uncaught Error: Call to undefined function get_field() in /app/public/wp-content/themes/fictional-university-theme/functions.php:29
Stack trace:
#0 /app/public/wp-content/themes/fictional-university-theme/index.php(5): pageBanner(Array)
#1 /app/public/wp-includes/template-loader.php(74): include('/app/public/wp-...')
#2 /app/public/wp-blog-header.php(19): require_once('/app/public/wp-...')
#3 /app/public/index.php(17): require('/app/public/wp-...')
#4 {main}
  thrown in /app/public/wp-content/themes/fictional-university-theme/functions.php on line 29
[21-Jan-2019 16:59:16 UTC] PHP Fatal error:  Uncaught Error: Call to undefined function get_field() in /app/public/wp-content/themes/fictional-university-theme/functions.php:29
Stack trace:
#0 /app/public/wp-content/themes/fictional-university-theme/index.php(5): pageBanner(Array)
#1 /app/public/wp-includes/template-loader.php(74): include('/app/public/wp-...')
#2 /app/public/wp-blog-header.php(19): require_once('/app/public/wp-...')
#3 /app/public/index.php(17): require('/app/public/wp-...')
#4 {main}
  thrown in /app/public/wp-content/themes/fictional-university-theme/functions.php on line 29
[21-Jan-2019 19:34:52 UTC] PHP Fatal error:  Cannot redeclare university_post_types() (previously declared in /app/public/wp-content/mu-plugins/university-post-types.php:5) in /app/public/wp-content/themes/fictional-university-theme/functions.php on line 9
[21-Jan-2019 19:34:53 UTC] PHP Fatal error:  Cannot redeclare university_post_types() (previously declared in /app/public/wp-content/mu-plugins/university-post-types.php:5) in /app/public/wp-content/themes/fictional-university-theme/functions.php on line 9
[21-Jan-2019 19:35:00 UTC] PHP Fatal error:  Cannot redeclare university_post_types() (previously declared in /app/public/wp-content/mu-plugins/university-post-types.php:5) in /app/public/wp-content/themes/fictional-university-theme/functions.php on line 9
[21-Jan-2019 19:35:15 UTC] PHP Fatal error:  Cannot redeclare university_post_types() (previously declared in /app/public/wp-content/mu-plugins/university-post-types.php:5) in /app/public/wp-content/themes/fictional-university-theme/functions.php on line 9
[21-Jan-2019 20:47:39 UTC] PHP Parse error:  syntax error, unexpected '/' in /app/public/wp-content/themes/fictional-university-theme/front-page.php on line 33
[21-Jan-2019 23:16:44 UTC] PHP Parse error:  syntax error, unexpected ')' in /app/public/wp-content/themes/fictional-university-theme/functions.php on line 69
[21-Jan-2019 23:16:44 UTC] PHP Parse error:  syntax error, unexpected ')' in /app/public/wp-content/themes/fictional-university-theme/functions.php on line 69
[21-Jan-2019 23:16:54 UTC] PHP Parse error:  syntax error, unexpected ')' in /app/public/wp-content/themes/fictional-university-theme/functions.php on line 69
[21-Jan-2019 23:17:05 UTC] PHP Parse error:  syntax error, unexpected ')' in /app/public/wp-content/themes/fictional-university-theme/functions.php on line 69
[22-Jan-2019 14:57:10 UTC] WordPress database error Server shutdown in progress for query SELECT option_value FROM wp_options WHERE option_name = 'WPLANG' LIMIT 1 made by include('phar:///usr/local/bin/wp/php/boot-phar.php'), include('phar:///usr/local/bin/wp/vendor/wp-cli/wp-cli/php/wp-cli.php'), WP_CLI\bootstrap, WP_CLI\Bootstrap\LaunchRunner->process, WP_CLI\Runner->start, WP_CLI\Runner->load_wordpress, require('wp-settings.php'), include_once('/plugins/advanced-custom-fields/acf.php'), acf, ACF->initialize, __, translate, get_translations_for_domain, _load_textdomain_just_in_time, _get_path_to_translation, _get_path_to_translation_from_lang_dir, determine_locale, get_locale, get_option
[22-Jan-2019 14:57:10 UTC] WordPress database error Server shutdown in progress for query SELECT option_value FROM wp_options WHERE option_name = 'WPLANG' LIMIT 1 made by include('phar:///usr/local/bin/wp/php/boot-phar.php'), include('phar:///usr/local/bin/wp/vendor/wp-cli/wp-cli/php/wp-cli.php'), WP_CLI\bootstrap, WP_CLI\Bootstrap\LaunchRunner->process, WP_CLI\Runner->start, WP_CLI\Runner->load_wordpress, require('wp-settings.php'), include_once('/plugins/advanced-custom-fields/acf.php'), acf, ACF->initialize, __, translate, get_translations_for_domain, _load_textdomain_just_in_time, _get_path_to_translation, _get_path_to_translation_from_lang_dir, determine_locale, get_locale, get_option
[22-Jan-2019 14:57:10 UTC] PHP Warning:  Error while sending QUERY packet. PID=2952 in /app/public/wp-includes/wp-db.php on line 1924
[22-Jan-2019 14:57:10 UTC] PHP Warning:  Error while sending QUERY packet. PID=2969 in /app/public/wp-includes/wp-db.php on line 1924
