2019-01-20T20:21:23.549980Z 0 [Warning] TIMESTAMP with implicit DEFAULT value is deprecated. Please use --explicit_defaults_for_timestamp server option (see documentation for more details).
2019-01-20T20:21:23.550368Z 0 [Note] /usr/sbin/mysqld (mysqld 5.7.23) starting as process 29 ...
2019-01-20T20:21:23.566377Z 0 [Note] InnoDB: PUNCH HOLE support available
2019-01-20T20:21:23.566631Z 0 [Note] InnoDB: Mutexes and rw_locks use GCC atomic builtins
2019-01-20T20:21:23.567341Z 0 [Note] InnoDB: Uses event mutexes
2019-01-20T20:21:23.567600Z 0 [Note] InnoDB: GCC builtin __atomic_thread_fence() is used for memory barrier
2019-01-20T20:21:23.568601Z 0 [Note] InnoDB: Compressed tables use zlib 1.2.3
2019-01-20T20:21:23.569475Z 0 [Note] InnoDB: Using Linux native AIO
2019-01-20T20:21:23.570818Z 0 [Note] InnoDB: Number of pools: 1
2019-01-20T20:21:23.571633Z 0 [Note] InnoDB: Using CPU crc32 instructions
2019-01-20T20:21:23.574238Z 0 [Note] InnoDB: Initializing buffer pool, total size = 32M, instances = 1, chunk size = 32M
2019-01-20T20:21:23.576918Z 0 [Note] InnoDB: Completed initialization of buffer pool
2019-01-20T20:21:23.583331Z 0 [Note] InnoDB: If the mysqld execution user is authorized, page cleaner thread priority can be changed. See the man page of setpriority().
2019-01-20T20:21:23.602200Z 0 [Note] InnoDB: Highest supported file format is Barracuda.
2019-01-20T20:21:23.604210Z 0 [Note] InnoDB: Log scan progressed past the checkpoint lsn 2588963
2019-01-20T20:21:23.604764Z 0 [Note] InnoDB: Doing recovery: scanned up to log sequence number 2591784
2019-01-20T20:21:23.608056Z 0 [Note] InnoDB: Database was not shutdown normally!
2019-01-20T20:21:23.608681Z 0 [Note] InnoDB: Starting crash recovery.
2019-01-20T20:21:24.042719Z 0 [Note] InnoDB: Starting an apply batch of log records to the database...
InnoDB: Progress in percent: 27 28 29 30 31 32 33 34 35 36 37 38 39 40 41 42 43 44 45 46 47 48 49 50 51 52 53 54 55 56 57 58 59 60 61 62 63 64 65 66 67 68 69 70 71 72 73 74 75 76 77 78 79 80 81 82 83 84 85 86 87 88 89 90 91 92 93 94 95 96 97 98 99 
2019-01-20T20:21:24.591890Z 0 [Note] InnoDB: Apply batch completed
2019-01-20T20:21:24.698950Z 0 [Note] InnoDB: Removed temporary tablespace data file: "ibtmp1"
2019-01-20T20:21:24.699271Z 0 [Note] InnoDB: Creating shared tablespace for temporary tables
2019-01-20T20:21:24.700006Z 0 [Note] InnoDB: Setting file './ibtmp1' size to 12 MB. Physically writing the file full; Please wait ...
2019-01-20T20:21:24.744673Z 0 [Note] InnoDB: File './ibtmp1' size is now 12 MB.
2019-01-20T20:21:24.745361Z 0 [Note] InnoDB: 96 redo rollback segment(s) found. 96 redo rollback segment(s) are active.
2019-01-20T20:21:24.745570Z 0 [Note] InnoDB: 32 non-redo rollback segment(s) are active.
2019-01-20T20:21:24.746163Z 0 [Note] InnoDB: Waiting for purge to start
2019-01-20T20:21:24.797480Z 0 [Note] InnoDB: 5.7.23 started; log sequence number 2591784
2019-01-20T20:21:24.803941Z 0 [Note] Plugin 'FEDERATED' is disabled.
2019-01-20T20:21:24.852747Z 0 [Note] InnoDB: Loading buffer pool(s) from /var/lib/mysql/ib_buffer_pool
2019-01-20T20:21:24.852901Z 0 [Warning] Failed to set up SSL because of the following SSL library error: SSL context is not usable without certificate and private key
2019-01-20T20:21:24.854207Z 0 [Note] Server hostname (bind-address): '*'; port: 3306
2019-01-20T20:21:24.854544Z 0 [Note] IPv6 is available.
2019-01-20T20:21:24.854720Z 0 [Note]   - '::' resolves to '::';
2019-01-20T20:21:24.856158Z 0 [Note] Server socket created on IP: '::'.
2019-01-20T20:21:24.892491Z 0 [Warning] Insecure configuration for --pid-file: Location '/var/run/mysqld' in the path is accessible to all OS users. Consider choosing a different directory.
2019-01-20T20:21:24.901368Z 0 [Note] InnoDB: Buffer pool(s) load completed at 190120 20:21:24
2019-01-20T20:21:24.902820Z 0 [ERROR] /usr/sbin/mysqld: Table './mysql/user' is marked as crashed and should be repaired
2019-01-20T20:21:24.903665Z 0 [Warning] Checking table:   './mysql/user'
2019-01-20T20:21:24.904471Z 0 [ERROR] 1 client is using or hasn't closed the table properly
2019-01-20T20:21:24.907419Z 0 [Warning] 'user' entry 'root@localhost' ignored in --skip-name-resolve mode.
2019-01-20T20:21:24.908302Z 0 [Warning] 'user' entry 'mysql.session@localhost' ignored in --skip-name-resolve mode.
2019-01-20T20:21:24.908893Z 0 [Warning] 'user' entry 'mysql.sys@localhost' ignored in --skip-name-resolve mode.
2019-01-20T20:21:24.909645Z 0 [Warning] 'db' entry 'performance_schema mysql.session@localhost' ignored in --skip-name-resolve mode.
2019-01-20T20:21:24.910346Z 0 [Warning] 'db' entry 'sys mysql.sys@localhost' ignored in --skip-name-resolve mode.
2019-01-20T20:21:24.911553Z 0 [Warning] 'proxies_priv' entry '@ root@localhost' ignored in --skip-name-resolve mode.
2019-01-20T20:21:24.915856Z 0 [Warning] 'tables_priv' entry 'user mysql.session@localhost' ignored in --skip-name-resolve mode.
2019-01-20T20:21:24.916218Z 0 [Warning] 'tables_priv' entry 'sys_config mysql.sys@localhost' ignored in --skip-name-resolve mode.
2019-01-20T20:21:24.948769Z 0 [Note] Event Scheduler: Loaded 0 events
2019-01-20T20:21:24.960052Z 0 [Note] /usr/sbin/mysqld: ready for connections.
Version: '5.7.23'  socket: '/var/run/mysqld/mysqld.sock'  port: 3306  MySQL Community Server (GPL)
2019-01-20T20:22:40.126736Z 4 [ERROR] /usr/sbin/mysqld: Table './mysql/proc' is marked as crashed and should be repaired
2019-01-20T20:22:40.127116Z 4 [Warning] Checking table:   './mysql/proc'
2019-01-20T20:22:40.150693Z 6 [Warning] 'user' entry 'root@localhost' ignored in --skip-name-resolve mode.
2019-01-20T20:22:40.150854Z 6 [Warning] 'user' entry 'mysql.session@localhost' ignored in --skip-name-resolve mode.
2019-01-20T20:22:40.150945Z 6 [Warning] 'user' entry 'mysql.sys@localhost' ignored in --skip-name-resolve mode.
2019-01-20T20:22:40.151221Z 6 [Warning] 'db' entry 'performance_schema mysql.session@localhost' ignored in --skip-name-resolve mode.
2019-01-20T20:22:40.151313Z 6 [Warning] 'db' entry 'sys mysql.sys@localhost' ignored in --skip-name-resolve mode.
2019-01-20T20:22:40.151531Z 6 [Warning] 'proxies_priv' entry '@ root@localhost' ignored in --skip-name-resolve mode.
2019-01-20T20:22:40.151929Z 6 [Warning] 'tables_priv' entry 'user mysql.session@localhost' ignored in --skip-name-resolve mode.
2019-01-20T20:22:40.152022Z 6 [Warning] 'tables_priv' entry 'sys_config mysql.sys@localhost' ignored in --skip-name-resolve mode.
2019-01-21T13:26:17.981708Z 0 [Note] InnoDB: page_cleaner: 1000ms intended loop took 31655684ms. The settings might not be optimal. (flushed=0 and evicted=0, during the time.)
2019-01-22T12:38:42.526334Z 0 [Note] InnoDB: page_cleaner: 1000ms intended loop took 37332506ms. The settings might not be optimal. (flushed=0 and evicted=0, during the time.)
2019-01-22T14:57:08.445515Z 0 [Note] Giving 4 client threads a chance to die gracefully
2019-01-22T14:57:08.445990Z 0 [Note] Shutting down slave threads
2019-01-22T14:57:10.451404Z 0 [Note] Forcefully disconnecting 2 remaining clients
2019-01-22T14:57:10.468156Z 0 [Warning] /usr/sbin/mysqld: Forcing close of thread 1276  user: 'root'

2019-01-22T14:57:10.468291Z 0 [Warning] /usr/sbin/mysqld: Forcing close of thread 1277  user: 'root'

2019-01-22T14:57:10.468393Z 0 [Note] Event Scheduler: Purging the queue. 0 events
2019-01-22T14:57:10.468897Z 0 [Note] Binlog end
2019-01-22T14:57:10.495739Z 0 [Note] Shutting down plugin 'ngram'
2019-01-22T14:57:10.497937Z 0 [Note] Shutting down plugin 'partition'
2019-01-22T14:57:10.498183Z 0 [Note] Shutting down plugin 'BLACKHOLE'
2019-01-22T14:57:10.498390Z 0 [Note] Shutting down plugin 'ARCHIVE'
2019-01-22T14:57:10.498499Z 0 [Note] Shutting down plugin 'PERFORMANCE_SCHEMA'
2019-01-22T14:57:10.498607Z 0 [Note] Shutting down plugin 'MRG_MYISAM'
2019-01-22T14:57:10.498718Z 0 [Note] Shutting down plugin 'MyISAM'
2019-01-22T14:57:10.498809Z 0 [Note] Shutting down plugin 'INNODB_SYS_VIRTUAL'
2019-01-22T14:57:10.498891Z 0 [Note] Shutting down plugin 'INNODB_SYS_DATAFILES'
2019-01-22T14:57:10.498993Z 0 [Note] Shutting down plugin 'INNODB_SYS_TABLESPACES'
2019-01-22T14:57:10.499076Z 0 [Note] Shutting down plugin 'INNODB_SYS_FOREIGN_COLS'
2019-01-22T14:57:10.499164Z 0 [Note] Shutting down plugin 'INNODB_SYS_FOREIGN'
2019-01-22T14:57:10.499345Z 0 [Note] Shutting down plugin 'INNODB_SYS_FIELDS'
2019-01-22T14:57:10.499629Z 0 [Note] Shutting down plugin 'INNODB_SYS_COLUMNS'
2019-01-22T14:57:10.499709Z 0 [Note] Shutting down plugin 'INNODB_SYS_INDEXES'
2019-01-22T14:57:10.499805Z 0 [Note] Shutting down plugin 'INNODB_SYS_TABLESTATS'
2019-01-22T14:57:10.499925Z 0 [Note] Shutting down plugin 'INNODB_SYS_TABLES'
2019-01-22T14:57:10.500077Z 0 [Note] Shutting down plugin 'INNODB_FT_INDEX_TABLE'
2019-01-22T14:57:10.500527Z 0 [Note] Shutting down plugin 'INNODB_FT_INDEX_CACHE'
2019-01-22T14:57:10.500672Z 0 [Note] Shutting down plugin 'INNODB_FT_CONFIG'
2019-01-22T14:57:10.500732Z 0 [Note] Shutting down plugin 'INNODB_FT_BEING_DELETED'
2019-01-22T14:57:10.500824Z 0 [Note] Shutting down plugin 'INNODB_FT_DELETED'
2019-01-22T14:57:10.500884Z 0 [Note] Shutting down plugin 'INNODB_FT_DEFAULT_STOPWORD'
2019-01-22T14:57:10.501014Z 0 [Note] Shutting down plugin 'INNODB_METRICS'
2019-01-22T14:57:10.501172Z 0 [Note] Shutting down plugin 'INNODB_TEMP_TABLE_INFO'
2019-01-22T14:57:10.501261Z 0 [Note] Shutting down plugin 'INNODB_BUFFER_POOL_STATS'
2019-01-22T14:57:10.501768Z 0 [Note] Shutting down plugin 'INNODB_BUFFER_PAGE_LRU'
2019-01-22T14:57:10.501922Z 0 [Note] Shutting down plugin 'INNODB_BUFFER_PAGE'
2019-01-22T14:57:10.502215Z 0 [Note] Shutting down plugin 'INNODB_CMP_PER_INDEX_RESET'
2019-01-22T14:57:10.502290Z 0 [Note] Shutting down plugin 'INNODB_CMP_PER_INDEX'
2019-01-22T14:57:10.502493Z 0 [Note] Shutting down plugin 'INNODB_CMPMEM_RESET'
2019-01-22T14:57:10.502566Z 0 [Note] Shutting down plugin 'INNODB_CMPMEM'
2019-01-22T14:57:10.502690Z 0 [Note] Shutting down plugin 'INNODB_CMP_RESET'
2019-01-22T14:57:10.502762Z 0 [Note] Shutting down plugin 'INNODB_CMP'
2019-01-22T14:57:10.502963Z 0 [Note] Shutting down plugin 'INNODB_LOCK_WAITS'
2019-01-22T14:57:10.503035Z 0 [Note] Shutting down plugin 'INNODB_LOCKS'
2019-01-22T14:57:10.503291Z 0 [Note] Shutting down plugin 'INNODB_TRX'
2019-01-22T14:57:10.503364Z 0 [Note] Shutting down plugin 'InnoDB'
2019-01-22T14:57:10.516175Z 0 [Note] InnoDB: FTS optimize thread exiting.
2019-01-22T14:57:10.542347Z 0 [Note] InnoDB: Starting shutdown...
2019-01-22T14:57:10.664260Z 0 [Note] InnoDB: Dumping buffer pool(s) to /var/lib/mysql/ib_buffer_pool
2019-01-22T14:57:10.681349Z 0 [Note] InnoDB: Buffer pool(s) dump completed at 190122 14:57:10
